# JRE version: OpenJDK Runtime Environment (11.0.11+9) (build 11.0.11+9-b60-7590822)
# Java VM: OpenJDK 64-Bit Server VM (11.0.11+9-b60-7590822, mixed mode, tiered, compressed oops, g1 gc, windows-amd64)
Heap:
 garbage-first heap   total 189440K, used 114447K [0x0000000080000000, 0x0000000100000000)
  region size 1024K, 12 young (12288K), 2 survivors (2048K)
 Metaspace       used 116014K, capacity 119685K, committed 119944K, reserved 1153024K
  class space    used 14757K, capacity 16183K, committed 16256K, reserved 1048576K
GC Heap History (20 events):
Event: 1670.909 GC heap before
{Heap before GC invocations=65 (full 0):
 garbage-first heap   total 189440K, used 104567K [0x0000000080000000, 0x0000000100000000)
  region size 1024K, 3 young (3072K), 2 survivors (2048K)
 Metaspace       used 115566K, capacity 119211K, committed 119432K, reserved 1153024K
  class space    used 14754K, capacity 16182K, committed 16256K, reserved 1048576K
}
Event: 1670.915 GC heap after
{Heap after GC invocations=66 (full 0):
 garbage-first heap   total 189440K, used 104429K [0x0000000080000000, 0x0000000100000000)
  region size 1024K, 2 young (2048K), 2 survivors (2048K)
 Metaspace       used 115566K, capacity 119211K, committed 119432K, reserved 1153024K
  class space    used 14754K, capacity 16182K, committed 16256K, reserved 1048576K
}
Event: 1671.353 GC heap before
{Heap before GC invocations=67 (full 0):
 garbage-first heap   total 189440K, used 149485K [0x0000000080000000, 0x0000000100000000)
  region size 1024K, 45 young (46080K), 2 survivors (2048K)
 Metaspace       used 115657K, capacity 119346K, committed 119432K, reserved 1153024K
  class space    used 14754K, capacity 16182K, committed 16256K, reserved 1048576K
}
Event: 1671.356 GC heap after
{Heap after GC invocations=68 (full 0):
 garbage-first heap   total 189440K, used 106862K [0x0000000080000000, 0x0000000100000000)
  region size 1024K, 2 young (2048K), 2 survivors (2048K)
 Metaspace       used 115657K, capacity 119346K, committed 119432K, reserved 1153024K
  class space    used 14754K, capacity 16182K, committed 16256K, reserved 1048576K
}
Event: 1671.414 GC heap before
{Heap before GC invocations=68 (full 0):
 garbage-first heap   total 189440K, used 114030K [0x0000000080000000, 0x0000000100000000)
  region size 1024K, 9 young (9216K), 2 survivors (2048K)
 Metaspace       used 115657K, capacity 119346K, committed 119432K, reserved 1153024K
  class space    used 14754K, capacity 16182K, committed 16256K, reserved 1048576K
}
Event: 1671.419 GC heap after
{Heap after GC invocations=69 (full 0):
 garbage-first heap   total 189440K, used 90431K [0x0000000080000000, 0x0000000100000000)
  region size 1024K, 1 young (1024K), 1 survivors (1024K)
 Metaspace       used 115657K, capacity 119346K, committed 119432K, reserved 1153024K
  class space    used 14754K, capacity 16182K, committed 16256K, reserved 1048576K
}
Event: 1671.463 GC heap before
{Heap before GC invocations=69 (full 0):
 garbage-first heap   total 189440K, used 94527K [0x0000000080000000, 0x0000000100000000)
  region size 1024K, 7 young (7168K), 1 survivors (1024K)
 Metaspace       used 115657K, capacity 119346K, committed 119432K, reserved 1153024K
  class space    used 14754K, capacity 16182K, committed 16256K, reserved 1048576K
}
Event: 1671.465 GC heap after
{Heap after GC invocations=70 (full 0):
 garbage-first heap   total 189440K, used 90581K [0x0000000080000000, 0x0000000100000000)
  region size 1024K, 1 young (1024K), 1 survivors (1024K)
 Metaspace       used 115657K, capacity 119346K, committed 119432K, reserved 1153024K
  class space    used 14754K, capacity 16182K, committed 16256K, reserved 1048576K
}
Event: 1696.159 GC heap before
{Heap before GC invocations=71 (full 0):
 garbage-first heap   total 189440K, used 161237K [0x0000000080000000, 0x0000000100000000)
  region size 1024K, 60 young (61440K), 1 survivors (1024K)
 Metaspace       used 115758K, capacity 119412K, committed 119688K, reserved 1153024K
  class space    used 14755K, capacity 16182K, committed 16256K, reserved 1048576K
}
Event: 1696.178 GC heap after
{Heap after GC invocations=72 (full 0):
 garbage-first heap   total 189440K, used 101991K [0x0000000080000000, 0x0000000100000000)
  region size 1024K, 8 young (8192K), 8 survivors (8192K)
 Metaspace       used 115758K, capacity 119412K, committed 119688K, reserved 1153024K
  class space    used 14755K, capacity 16182K, committed 16256K, reserved 1048576K
}
Event: 1696.183 GC heap before
{Heap before GC invocations=72 (full 0):
 garbage-first heap   total 189440K, used 103015K [0x0000000080000000, 0x0000000100000000)
  region size 1024K, 9 young (9216K), 8 survivors (8192K)
 Metaspace       used 115758K, capacity 119412K, committed 119688K, reserved 1153024K
  class space    used 14755K, capacity 16182K, committed 16256K, reserved 1048576K
}
Event: 1696.191 GC heap after
{Heap after GC invocations=73 (full 0):
 garbage-first heap   total 189440K, used 101831K [0x0000000080000000, 0x0000000100000000)
  region size 1024K, 1 young (1024K), 1 survivors (1024K)
 Metaspace       used 115758K, capacity 119412K, committed 119688K, reserved 1153024K
  class space    used 14755K, capacity 16182K, committed 16256K, reserved 1048576K
}
Event: 1696.559 GC heap before
{Heap before GC invocations=73 (full 0):
 garbage-first heap   total 189440K, used 145863K [0x0000000080000000, 0x0000000100000000)
  region size 1024K, 46 young (47104K), 1 survivors (1024K)
 Metaspace       used 115909K, capacity 119618K, committed 119944K, reserved 1153024K
  class space    used 14756K, capacity 16183K, committed 16256K, reserved 1048576K
}
Event: 1696.566 GC heap after
{Heap after GC invocations=74 (full 0):
 garbage-first heap   total 189440K, used 105401K [0x0000000080000000, 0x0000000100000000)
  region size 1024K, 5 young (5120K), 5 survivors (5120K)
 Metaspace       used 115909K, capacity 119618K, committed 119944K, reserved 1153024K
  class space    used 14756K, capacity 16183K, committed 16256K, reserved 1048576K
}
Event: 1787.019 GC heap before
{Heap before GC invocations=75 (full 0):
 garbage-first heap   total 189440K, used 159673K [0x0000000080000000, 0x0000000100000000)
  region size 1024K, 50 young (51200K), 5 survivors (5120K)
 Metaspace       used 116007K, capacity 119685K, committed 119944K, reserved 1153024K
  class space    used 14757K, capacity 16183K, committed 16256K, reserved 1048576K
}
Event: 1787.032 GC heap after
{Heap after GC invocations=76 (full 0):
 garbage-first heap   total 189440K, used 110354K [0x0000000080000000, 0x0000000100000000)
  region size 1024K, 6 young (6144K), 6 survivors (6144K)
 Metaspace       used 116007K, capacity 119685K, committed 119944K, reserved 1153024K
  class space    used 14757K, capacity 16183K, committed 16256K, reserved 1048576K
}
Event: 1787.054 GC heap before
{Heap before GC invocations=76 (full 0):
 garbage-first heap   total 189440K, used 113426K [0x0000000080000000, 0x0000000100000000)
  region size 1024K, 9 young (9216K), 6 survivors (6144K)
 Metaspace       used 116009K, capacity 119685K, committed 119944K, reserved 1153024K
  class space    used 14757K, capacity 16183K, committed 16256K, reserved 1048576K
}
Event: 1787.065 GC heap after
{Heap after GC invocations=77 (full 0):
 garbage-first heap   total 189440K, used 103092K [0x0000000080000000, 0x0000000100000000)
  region size 1024K, 2 young (2048K), 2 survivors (2048K)
 Metaspace       used 116009K, capacity 119685K, committed 119944K, reserved 1153024K
  class space    used 14757K, capacity 16183K, committed 16256K, reserved 1048576K
}
Event: 1787.122 GC heap before
{Heap before GC invocations=77 (full 0):
 garbage-first heap   total 189440K, used 104116K [0x0000000080000000, 0x0000000100000000)
  region size 1024K, 4 young (4096K), 2 survivors (2048K)
 Metaspace       used 116014K, capacity 119685K, committed 119944K, reserved 1153024K
  class space    used 14757K, capacity 16183K, committed 16256K, reserved 1048576K
}
Event: 1787.129 GC heap after
{Heap after GC invocations=78 (full 0):
 garbage-first heap   total 189440K, used 103183K [0x0000000080000000, 0x0000000100000000)
  region size 1024K, 2 young (2048K), 2 survivors (2048K)
 Metaspace       used 116014K, capacity 119685K, committed 119944K, reserved 1153024K
  class space    used 14757K, capacity 16183K, committed 16256K, reserved 1048576K
}

